<?xml version="1.0" encoding="utf-8"?>
<TestRun id="01018f65-c8a1-4eb5-90ae-2c8a05a74175" name="NewM@NEWM-RC06 2021-08-24 10:17:47" runUser="NEWM-RC06\NewM" xmlns="http://microsoft.com/schemas/VisualStudio/TeamTest/2010">
  <Times creation="2021-08-24T10:17:47.2965430-03:00" queuing="2021-08-24T10:17:47.2965437-03:00" start="2021-08-24T10:17:43.7022992-03:00" finish="2021-08-24T10:17:47.3158790-03:00" />
  <TestSettings name="default" id="94f456c6-87f2-4518-a302-1be84ef7ef6a">
    <Deployment runDeploymentRoot="NewM_NEWM-RC06_2021-08-24_10_17_47" />
  </TestSettings>
  <Results>
    <UnitTestResult executionId="8f044987-9570-4d3f-8c0a-98d238ee02ea" testId="802b02be-524c-cf5a-8153-696af31aae41" testName="ShouldSeeLoggedUser" computerName="NEWM-RC06" duration="00:00:02.7089670" startTime="2021-08-24T10:17:44.0000000-03:00" endTime="2021-08-24T10:17:47.0000000-03:00" testType="13cdc9d9-ddb5-4fa4-a97d-d965ccfc6d4b" outcome="Passed" testListId="8c84fa94-04c1-424b-9868-57a2d4851a1d" relativeResultsDirectory="8f044987-9570-4d3f-8c0a-98d238ee02ea">
      <ResultFiles>
        <ResultFile path="NEWM-RC06\0-1005.png" />
      </ResultFiles>
    </UnitTestResult>
  </Results>
  <TestDefinitions>
    <UnitTest name="ShouldSeeLoggedUser" storage="c:\qaninja\ninjaplus-net\bin\debug\net5.0\ninjaplus-net.dll" id="802b02be-524c-cf5a-8153-696af31aae41">
      <Execution id="8f044987-9570-4d3f-8c0a-98d238ee02ea" />
      <TestMethod codeBase="C:\qaninja\ninjaplus-net\bin\Debug\net5.0\ninjaplus-net.dll" adapterTypeName="executor://nunit3testexecutor/" className="NinjaPlus.Tests.LoginTests" name="ShouldSeeLoggedUser" />
    </UnitTest>
  </TestDefinitions>
  <TestEntries>
    <TestEntry testId="802b02be-524c-cf5a-8153-696af31aae41" executionId="8f044987-9570-4d3f-8c0a-98d238ee02ea" testListId="8c84fa94-04c1-424b-9868-57a2d4851a1d" />
  </TestEntries>
  <TestLists>
    <TestList name="Resultados que não estão em uma lista" id="8c84fa94-04c1-424b-9868-57a2d4851a1d" />
    <TestList name="Todos os resultados carregados" id="19431567-8539-422a-85d7-44ee4e166bda" />
  </TestLists>
  <ResultSummary outcome="Completed">
    <Counters total="1" executed="1" passed="1" failed="0" error="0" timeout="0" aborted="0" inconclusive="0" passedButRunAborted="0" notRunnable="0" notExecuted="0" disconnected="0" warning="0" completed="0" inProgress="0" pending="0" />
    <Output>
      <StdOut>NUnit Adapter 3.16.1.0: Test execution started&#xD;
Running all tests in C:\qaninja\ninjaplus-net\bin\Debug\net5.0\ninjaplus-net.dll&#xD;
   NUnit3TestExecutor converted 10 of 10 NUnit test cases&#xD;
NUnit Adapter 3.16.1.0: Test execution complete&#xD;
</StdOut>
    </Output>
  </ResultSummary>
</TestRun>