<?xml version="1.0" encoding="utf-8"?>
<TestRun id="feed262f-5900-4820-afe3-67fc5d016ee5" name="NewM@NEWM-RC06 2021-08-24 09:52:06" runUser="NEWM-RC06\NewM" xmlns="http://microsoft.com/schemas/VisualStudio/TeamTest/2010">
  <Times creation="2021-08-24T09:52:06.5468186-03:00" queuing="2021-08-24T09:52:06.5468195-03:00" start="2021-08-24T09:52:03.1041027-03:00" finish="2021-08-24T09:52:06.5533176-03:00" />
  <TestSettings name="default" id="ffebc06e-2779-4647-b595-927a73ab1f43">
    <Deployment runDeploymentRoot="NewM_NEWM-RC06_2021-08-24_09_52_06" />
  </TestSettings>
  <Results>
    <UnitTestResult executionId="f0160f0f-72f7-436c-9265-25f99cc9c663" testId="802b02be-524c-cf5a-8153-696af31aae41" testName="ShouldSeeLoggedUser" computerName="NEWM-RC06" duration="00:00:02.5739440" startTime="2021-08-24T09:52:03.0000000-03:00" endTime="2021-08-24T09:52:06.0000000-03:00" testType="13cdc9d9-ddb5-4fa4-a97d-d965ccfc6d4b" outcome="Passed" testListId="8c84fa94-04c1-424b-9868-57a2d4851a1d" relativeResultsDirectory="f0160f0f-72f7-436c-9265-25f99cc9c663" />
  </Results>
  <TestDefinitions>
    <UnitTest name="ShouldSeeLoggedUser" storage="c:\qaninja\ninjaplus-net\bin\debug\net5.0\ninjaplus-net.dll" id="802b02be-524c-cf5a-8153-696af31aae41">
      <Execution id="f0160f0f-72f7-436c-9265-25f99cc9c663" />
      <TestMethod codeBase="C:\qaninja\ninjaplus-net\bin\Debug\net5.0\ninjaplus-net.dll" adapterTypeName="executor://nunit3testexecutor/" className="NinjaPlus.Tests.LoginTests" name="ShouldSeeLoggedUser" />
    </UnitTest>
  </TestDefinitions>
  <TestEntries>
    <TestEntry testId="802b02be-524c-cf5a-8153-696af31aae41" executionId="f0160f0f-72f7-436c-9265-25f99cc9c663" testListId="8c84fa94-04c1-424b-9868-57a2d4851a1d" />
  </TestEntries>
  <TestLists>
    <TestList name="Resultados que não estão em uma lista" id="8c84fa94-04c1-424b-9868-57a2d4851a1d" />
    <TestList name="Todos os resultados carregados" id="19431567-8539-422a-85d7-44ee4e166bda" />
  </TestLists>
  <ResultSummary outcome="Completed">
    <Counters total="1" executed="1" passed="1" failed="0" error="0" timeout="0" aborted="0" inconclusive="0" passedButRunAborted="0" notRunnable="0" notExecuted="0" disconnected="0" warning="0" completed="0" inProgress="0" pending="0" />
    <Output>
      <StdOut>NUnit Adapter 3.16.1.0: Test execution started&#xD;
Running all tests in C:\qaninja\ninjaplus-net\bin\Debug\net5.0\ninjaplus-net.dll&#xD;
   NUnit3TestExecutor converted 10 of 10 NUnit test cases&#xD;
NUnit Adapter 3.16.1.0: Test execution complete&#xD;
</StdOut>
    </Output>
  </ResultSummary>
</TestRun>