<?xml version="1.0" encoding="utf-8"?>
<TestRun id="dd24b26a-4a71-4465-af05-af955f41da9a" name="NewM@NEWM-RC06 2021-08-24 10:10:56" runUser="NEWM-RC06\NewM" xmlns="http://microsoft.com/schemas/VisualStudio/TeamTest/2010">
  <Times creation="2021-08-24T10:10:56.0275180-03:00" queuing="2021-08-24T10:10:56.0275187-03:00" start="2021-08-24T10:10:52.2232622-03:00" finish="2021-08-24T10:10:56.0378111-03:00" />
  <TestSettings name="default" id="58aabd06-b833-4cf4-b99f-6188fd242170">
    <Deployment runDeploymentRoot="NewM_NEWM-RC06_2021-08-24_10_10_56" />
  </TestSettings>
  <Results>
    <UnitTestResult executionId="cd937b64-6c09-48af-8546-1a228c3cfe88" testId="802b02be-524c-cf5a-8153-696af31aae41" testName="ShouldSeeLoggedUser" computerName="NEWM-RC06" duration="00:00:02.8690620" startTime="2021-08-24T10:10:53.0000000-03:00" endTime="2021-08-24T10:10:55.0000000-03:00" testType="13cdc9d9-ddb5-4fa4-a97d-d965ccfc6d4b" outcome="Failed" testListId="8c84fa94-04c1-424b-9868-57a2d4851a1d" relativeResultsDirectory="cd937b64-6c09-48af-8546-1a228c3cfe88">
      <Output>
        <StdOut>Ocorreu um erro ao capturar o screenshot :(</StdOut>
        <ErrorInfo>
          <Message>TearDown : System.Exception : Could not find a part of the path 'c:\qaninja\screenshots\0-1005.png'.</Message>
          <StackTrace>--TearDown&#xD;
   at NinjaPlus.Common.BaseTest.Finish() in C:\qaninja\ninjaplus-net\Common\BaseTest.cs:line 71</StackTrace>
        </ErrorInfo>
      </Output>
    </UnitTestResult>
  </Results>
  <TestDefinitions>
    <UnitTest name="ShouldSeeLoggedUser" storage="c:\qaninja\ninjaplus-net\bin\debug\net5.0\ninjaplus-net.dll" id="802b02be-524c-cf5a-8153-696af31aae41">
      <Execution id="cd937b64-6c09-48af-8546-1a228c3cfe88" />
      <TestMethod codeBase="C:\qaninja\ninjaplus-net\bin\Debug\net5.0\ninjaplus-net.dll" adapterTypeName="executor://nunit3testexecutor/" className="NinjaPlus.Tests.LoginTests" name="ShouldSeeLoggedUser" />
    </UnitTest>
  </TestDefinitions>
  <TestEntries>
    <TestEntry testId="802b02be-524c-cf5a-8153-696af31aae41" executionId="cd937b64-6c09-48af-8546-1a228c3cfe88" testListId="8c84fa94-04c1-424b-9868-57a2d4851a1d" />
  </TestEntries>
  <TestLists>
    <TestList name="Resultados que não estão em uma lista" id="8c84fa94-04c1-424b-9868-57a2d4851a1d" />
    <TestList name="Todos os resultados carregados" id="19431567-8539-422a-85d7-44ee4e166bda" />
  </TestLists>
  <ResultSummary outcome="Failed">
    <Counters total="1" executed="1" passed="0" failed="1" error="0" timeout="0" aborted="0" inconclusive="0" passedButRunAborted="0" notRunnable="0" notExecuted="0" disconnected="0" warning="0" completed="0" inProgress="0" pending="0" />
    <Output>
      <StdOut>NUnit Adapter 3.16.1.0: Test execution started&#xD;
Running all tests in C:\qaninja\ninjaplus-net\bin\Debug\net5.0\ninjaplus-net.dll&#xD;
   NUnit3TestExecutor converted 10 of 10 NUnit test cases&#xD;
NUnit Adapter 3.16.1.0: Test execution complete&#xD;
</StdOut>
    </Output>
  </ResultSummary>
</TestRun>