<?xml version="1.0" encoding="utf-8"?>
<TestRun id="82d73eee-3410-4bf5-aa75-6481b4026791" name="NewM@NEWM-RC06 2021-08-24 10:21:40" runUser="NEWM-RC06\NewM" xmlns="http://microsoft.com/schemas/VisualStudio/TeamTest/2010">
  <Times creation="2021-08-24T10:21:40.8943082-03:00" queuing="2021-08-24T10:21:40.8943091-03:00" start="2021-08-24T10:21:34.3559360-03:00" finish="2021-08-24T10:22:26.3304018-03:00" />
  <TestSettings name="default" id="198a3957-d987-4148-904a-ac39b383f396">
    <Deployment runDeploymentRoot="NewM_NEWM-RC06_2021-08-24_10_21_40" />
  </TestSettings>
  <Results>
    <UnitTestResult executionId="4ffee46f-a4f8-4ca0-9a53-66953d37bceb" testId="cc2fafff-6100-d997-2fd3-3d0aa25f5f76" testName="ShouldFindUniqueMovie" computerName="NEWM-RC06" duration="00:00:07.4980200" startTime="2021-08-24T10:21:48.0000000-03:00" endTime="2021-08-24T10:21:56.0000000-03:00" testType="13cdc9d9-ddb5-4fa4-a97d-d965ccfc6d4b" outcome="Passed" testListId="8c84fa94-04c1-424b-9868-57a2d4851a1d" relativeResultsDirectory="4ffee46f-a4f8-4ca0-9a53-66953d37bceb">
      <ResultFiles>
        <ResultFile path="NEWM-RC06\0-1001.png" />
      </ResultFiles>
    </UnitTestResult>
    <UnitTestResult executionId="f71c09f3-56ee-4bb6-ba07-cb6e06253200" testId="802b02be-524c-cf5a-8153-696af31aae41" testName="ShouldSeeLoggedUser" computerName="NEWM-RC06" duration="00:00:03.7454440" startTime="2021-08-24T10:22:08.0000000-03:00" endTime="2021-08-24T10:22:12.0000000-03:00" testType="13cdc9d9-ddb5-4fa4-a97d-d965ccfc6d4b" outcome="Passed" testListId="8c84fa94-04c1-424b-9868-57a2d4851a1d" relativeResultsDirectory="f71c09f3-56ee-4bb6-ba07-cb6e06253200">
      <ResultFiles>
        <ResultFile path="NEWM-RC06\0-1005.png" />
      </ResultFiles>
    </UnitTestResult>
    <UnitTestResult executionId="376b609b-9b40-4123-86b1-0c19247b1bc2" testId="58db7f95-d5a6-4b71-794f-21eb7319b9fa" testName="ShouldSeeAlertMessage(&quot;&quot;,&quot;diego123&quot;,&quot;Opps. Cadê o email?&quot;)" computerName="NEWM-RC06" duration="00:00:03.0772660" startTime="2021-08-24T10:22:02.0000000-03:00" endTime="2021-08-24T10:22:05.0000000-03:00" testType="13cdc9d9-ddb5-4fa4-a97d-d965ccfc6d4b" outcome="Passed" testListId="8c84fa94-04c1-424b-9868-57a2d4851a1d" relativeResultsDirectory="376b609b-9b40-4123-86b1-0c19247b1bc2">
      <ResultFiles>
        <ResultFile path="NEWM-RC06\0-1008.png" />
      </ResultFiles>
    </UnitTestResult>
    <UnitTestResult executionId="41003ef4-3003-4ba2-82f5-d27f1ed94314" testId="20189219-cce4-e6e0-8d4c-88a98ebd3f1a" testName="ShouldSeeAlertMessage(&quot;diego.armindo@newm.com.br&quot;,&quot;&quot;,&quot;Opps. Cadê a senha?&quot;)" computerName="NEWM-RC06" duration="00:00:03.4836210" startTime="2021-08-24T10:22:05.0000000-03:00" endTime="2021-08-24T10:22:08.0000000-03:00" testType="13cdc9d9-ddb5-4fa4-a97d-d965ccfc6d4b" outcome="Passed" testListId="8c84fa94-04c1-424b-9868-57a2d4851a1d" relativeResultsDirectory="41003ef4-3003-4ba2-82f5-d27f1ed94314">
      <ResultFiles>
        <ResultFile path="NEWM-RC06\0-1009.png" />
      </ResultFiles>
    </UnitTestResult>
    <UnitTestResult executionId="6608746e-e837-4fb8-b562-54d5083bed7d" testId="3d44a123-ad00-20f8-7084-3cc28d5013a7" testName="ShouldDisplayNoMovieFound" computerName="NEWM-RC06" duration="00:00:05.7660170" startTime="2021-08-24T10:21:35.0000000-03:00" endTime="2021-08-24T10:21:40.0000000-03:00" testType="13cdc9d9-ddb5-4fa4-a97d-d965ccfc6d4b" outcome="Passed" testListId="8c84fa94-04c1-424b-9868-57a2d4851a1d" relativeResultsDirectory="6608746e-e837-4fb8-b562-54d5083bed7d">
      <ResultFiles>
        <ResultFile path="NEWM-RC06\0-1003.png" />
      </ResultFiles>
    </UnitTestResult>
    <UnitTestResult executionId="0a8bfa93-c256-407e-a4e2-e9aa87a9b412" testId="2b3c1a1b-27b1-750e-93ac-20e5e70096cb" testName="ShouldFindMovies" computerName="NEWM-RC06" duration="00:00:07.8688270" startTime="2021-08-24T10:21:40.0000000-03:00" endTime="2021-08-24T10:21:48.0000000-03:00" testType="13cdc9d9-ddb5-4fa4-a97d-d965ccfc6d4b" outcome="Passed" testListId="8c84fa94-04c1-424b-9868-57a2d4851a1d" relativeResultsDirectory="0a8bfa93-c256-407e-a4e2-e9aa87a9b412">
      <ResultFiles>
        <ResultFile path="NEWM-RC06\0-1002.png" />
      </ResultFiles>
    </UnitTestResult>
    <UnitTestResult executionId="7ca67e05-8640-40e3-a023-8e505ee95a92" testId="afff7e0b-fa2c-b24b-8bce-9031715027c1" testName="ShouldSeeAlertMessage(&quot;404@newm.com.br&quot;,&quot;diego123&quot;,&quot;Usuário e/ou senha inválidos&quot;)" computerName="NEWM-RC06" duration="00:00:02.8855300" startTime="2021-08-24T10:21:59.0000000-03:00" endTime="2021-08-24T10:22:02.0000000-03:00" testType="13cdc9d9-ddb5-4fa4-a97d-d965ccfc6d4b" outcome="Passed" testListId="8c84fa94-04c1-424b-9868-57a2d4851a1d" relativeResultsDirectory="7ca67e05-8640-40e3-a023-8e505ee95a92">
      <ResultFiles>
        <ResultFile path="NEWM-RC06\0-1007.png" />
      </ResultFiles>
    </UnitTestResult>
    <UnitTestResult executionId="0dbc833d-d3e0-45da-82ce-30b9e9467baa" testId="c8a66b89-5263-8dfe-5937-efb6f512ed3e" testName="ShouldSaveMovie" computerName="NEWM-RC06" duration="00:00:10.6026680" startTime="2021-08-24T10:22:12.0000000-03:00" endTime="2021-08-24T10:22:23.0000000-03:00" testType="13cdc9d9-ddb5-4fa4-a97d-d965ccfc6d4b" outcome="Passed" testListId="8c84fa94-04c1-424b-9868-57a2d4851a1d" relativeResultsDirectory="0dbc833d-d3e0-45da-82ce-30b9e9467baa">
      <ResultFiles>
        <ResultFile path="NEWM-RC06\0-1014.png" />
      </ResultFiles>
    </UnitTestResult>
    <UnitTestResult executionId="c878c90b-6325-40d7-af3e-ccfdb27f4c44" testId="08b779d5-e1ca-df1a-d7e4-b10d27dd8daf" testName="ShouldSeeAlertMessage(&quot;diego.armindo@newm.com.br&quot;,&quot;123456&quot;,&quot;Usuário e/ou senha inválidos&quot;)" computerName="NEWM-RC06" duration="00:00:03.0790700" startTime="2021-08-24T10:21:56.0000000-03:00" endTime="2021-08-24T10:21:59.0000000-03:00" testType="13cdc9d9-ddb5-4fa4-a97d-d965ccfc6d4b" outcome="Passed" testListId="8c84fa94-04c1-424b-9868-57a2d4851a1d" relativeResultsDirectory="c878c90b-6325-40d7-af3e-ccfdb27f4c44">
      <ResultFiles>
        <ResultFile path="NEWM-RC06\0-1006.png" />
      </ResultFiles>
    </UnitTestResult>
    <UnitTestResult executionId="4f5c678c-a347-4fc1-bfd6-6786223d17ee" testId="7e213e8b-188b-c423-5e19-e3a32b72d1b4" testName="ShouldBeHaveTitle" computerName="NEWM-RC06" duration="00:00:03.1636350" startTime="2021-08-24T10:22:23.0000000-03:00" endTime="2021-08-24T10:22:26.0000000-03:00" testType="13cdc9d9-ddb5-4fa4-a97d-d965ccfc6d4b" outcome="Passed" testListId="8c84fa94-04c1-424b-9868-57a2d4851a1d" relativeResultsDirectory="4f5c678c-a347-4fc1-bfd6-6786223d17ee">
      <ResultFiles>
        <ResultFile path="NEWM-RC06\0-1012.png" />
      </ResultFiles>
    </UnitTestResult>
  </Results>
  <TestDefinitions>
    <UnitTest name="ShouldSeeAlertMessage(&quot;diego.armindo@newm.com.br&quot;,&quot;123456&quot;,&quot;Usuário e/ou senha inválidos&quot;)" storage="c:\qaninja\ninjaplus-net\bin\debug\net5.0\ninjaplus-net.dll" id="08b779d5-e1ca-df1a-d7e4-b10d27dd8daf">
      <Execution id="c878c90b-6325-40d7-af3e-ccfdb27f4c44" />
      <TestMethod codeBase="C:\qaninja\ninjaplus-net\bin\Debug\net5.0\ninjaplus-net.dll" adapterTypeName="executor://nunit3testexecutor/" className="NinjaPlus.Tests.LoginTests" name="ShouldSeeAlertMessage(&quot;diego.armindo@newm.com.br&quot;,&quot;123456&quot;,&quot;Usuário e/ou senha inválidos&quot;)" />
    </UnitTest>
    <UnitTest name="ShouldBeHaveTitle" storage="c:\qaninja\ninjaplus-net\bin\debug\net5.0\ninjaplus-net.dll" id="7e213e8b-188b-c423-5e19-e3a32b72d1b4">
      <Execution id="4f5c678c-a347-4fc1-bfd6-6786223d17ee" />
      <TestMethod codeBase="C:\qaninja\ninjaplus-net\bin\Debug\net5.0\ninjaplus-net.dll" adapterTypeName="executor://nunit3testexecutor/" className="NinjaPlus.Tests.OnAirTest" name="ShouldBeHaveTitle" />
    </UnitTest>
    <UnitTest name="ShouldSaveMovie" storage="c:\qaninja\ninjaplus-net\bin\debug\net5.0\ninjaplus-net.dll" id="c8a66b89-5263-8dfe-5937-efb6f512ed3e">
      <Execution id="0dbc833d-d3e0-45da-82ce-30b9e9467baa" />
      <TestMethod codeBase="C:\qaninja\ninjaplus-net\bin\Debug\net5.0\ninjaplus-net.dll" adapterTypeName="executor://nunit3testexecutor/" className="NinjaPlus.Tests.MovieTest" name="ShouldSaveMovie" />
    </UnitTest>
    <UnitTest name="ShouldSeeAlertMessage(&quot;&quot;,&quot;diego123&quot;,&quot;Opps. Cadê o email?&quot;)" storage="c:\qaninja\ninjaplus-net\bin\debug\net5.0\ninjaplus-net.dll" id="58db7f95-d5a6-4b71-794f-21eb7319b9fa">
      <Execution id="376b609b-9b40-4123-86b1-0c19247b1bc2" />
      <TestMethod codeBase="C:\qaninja\ninjaplus-net\bin\Debug\net5.0\ninjaplus-net.dll" adapterTypeName="executor://nunit3testexecutor/" className="NinjaPlus.Tests.LoginTests" name="ShouldSeeAlertMessage(&quot;&quot;,&quot;diego123&quot;,&quot;Opps. Cadê o email?&quot;)" />
    </UnitTest>
    <UnitTest name="ShouldDisplayNoMovieFound" storage="c:\qaninja\ninjaplus-net\bin\debug\net5.0\ninjaplus-net.dll" id="3d44a123-ad00-20f8-7084-3cc28d5013a7">
      <Execution id="6608746e-e837-4fb8-b562-54d5083bed7d" />
      <TestMethod codeBase="C:\qaninja\ninjaplus-net\bin\Debug\net5.0\ninjaplus-net.dll" adapterTypeName="executor://nunit3testexecutor/" className="Ninjaplus.Tests.SearchMovieTests" name="ShouldDisplayNoMovieFound" />
    </UnitTest>
    <UnitTest name="ShouldSeeAlertMessage(&quot;404@newm.com.br&quot;,&quot;diego123&quot;,&quot;Usuário e/ou senha inválidos&quot;)" storage="c:\qaninja\ninjaplus-net\bin\debug\net5.0\ninjaplus-net.dll" id="afff7e0b-fa2c-b24b-8bce-9031715027c1">
      <Execution id="7ca67e05-8640-40e3-a023-8e505ee95a92" />
      <TestMethod codeBase="C:\qaninja\ninjaplus-net\bin\Debug\net5.0\ninjaplus-net.dll" adapterTypeName="executor://nunit3testexecutor/" className="NinjaPlus.Tests.LoginTests" name="ShouldSeeAlertMessage(&quot;404@newm.com.br&quot;,&quot;diego123&quot;,&quot;Usuário e/ou senha inválidos&quot;)" />
    </UnitTest>
    <UnitTest name="ShouldSeeAlertMessage(&quot;diego.armindo@newm.com.br&quot;,&quot;&quot;,&quot;Opps. Cadê a senha?&quot;)" storage="c:\qaninja\ninjaplus-net\bin\debug\net5.0\ninjaplus-net.dll" id="20189219-cce4-e6e0-8d4c-88a98ebd3f1a">
      <Execution id="41003ef4-3003-4ba2-82f5-d27f1ed94314" />
      <TestMethod codeBase="C:\qaninja\ninjaplus-net\bin\Debug\net5.0\ninjaplus-net.dll" adapterTypeName="executor://nunit3testexecutor/" className="NinjaPlus.Tests.LoginTests" name="ShouldSeeAlertMessage(&quot;diego.armindo@newm.com.br&quot;,&quot;&quot;,&quot;Opps. Cadê a senha?&quot;)" />
    </UnitTest>
    <UnitTest name="ShouldFindMovies" storage="c:\qaninja\ninjaplus-net\bin\debug\net5.0\ninjaplus-net.dll" id="2b3c1a1b-27b1-750e-93ac-20e5e70096cb">
      <Execution id="0a8bfa93-c256-407e-a4e2-e9aa87a9b412" />
      <TestMethod codeBase="C:\qaninja\ninjaplus-net\bin\Debug\net5.0\ninjaplus-net.dll" adapterTypeName="executor://nunit3testexecutor/" className="Ninjaplus.Tests.SearchMovieTests" name="ShouldFindMovies" />
    </UnitTest>
    <UnitTest name="ShouldSeeLoggedUser" storage="c:\qaninja\ninjaplus-net\bin\debug\net5.0\ninjaplus-net.dll" id="802b02be-524c-cf5a-8153-696af31aae41">
      <Execution id="f71c09f3-56ee-4bb6-ba07-cb6e06253200" />
      <TestMethod codeBase="C:\qaninja\ninjaplus-net\bin\Debug\net5.0\ninjaplus-net.dll" adapterTypeName="executor://nunit3testexecutor/" className="NinjaPlus.Tests.LoginTests" name="ShouldSeeLoggedUser" />
    </UnitTest>
    <UnitTest name="ShouldFindUniqueMovie" storage="c:\qaninja\ninjaplus-net\bin\debug\net5.0\ninjaplus-net.dll" id="cc2fafff-6100-d997-2fd3-3d0aa25f5f76">
      <Execution id="4ffee46f-a4f8-4ca0-9a53-66953d37bceb" />
      <TestMethod codeBase="C:\qaninja\ninjaplus-net\bin\Debug\net5.0\ninjaplus-net.dll" adapterTypeName="executor://nunit3testexecutor/" className="Ninjaplus.Tests.SearchMovieTests" name="ShouldFindUniqueMovie" />
    </UnitTest>
  </TestDefinitions>
  <TestEntries>
    <TestEntry testId="cc2fafff-6100-d997-2fd3-3d0aa25f5f76" executionId="4ffee46f-a4f8-4ca0-9a53-66953d37bceb" testListId="8c84fa94-04c1-424b-9868-57a2d4851a1d" />
    <TestEntry testId="802b02be-524c-cf5a-8153-696af31aae41" executionId="f71c09f3-56ee-4bb6-ba07-cb6e06253200" testListId="8c84fa94-04c1-424b-9868-57a2d4851a1d" />
    <TestEntry testId="58db7f95-d5a6-4b71-794f-21eb7319b9fa" executionId="376b609b-9b40-4123-86b1-0c19247b1bc2" testListId="8c84fa94-04c1-424b-9868-57a2d4851a1d" />
    <TestEntry testId="20189219-cce4-e6e0-8d4c-88a98ebd3f1a" executionId="41003ef4-3003-4ba2-82f5-d27f1ed94314" testListId="8c84fa94-04c1-424b-9868-57a2d4851a1d" />
    <TestEntry testId="3d44a123-ad00-20f8-7084-3cc28d5013a7" executionId="6608746e-e837-4fb8-b562-54d5083bed7d" testListId="8c84fa94-04c1-424b-9868-57a2d4851a1d" />
    <TestEntry testId="2b3c1a1b-27b1-750e-93ac-20e5e70096cb" executionId="0a8bfa93-c256-407e-a4e2-e9aa87a9b412" testListId="8c84fa94-04c1-424b-9868-57a2d4851a1d" />
    <TestEntry testId="afff7e0b-fa2c-b24b-8bce-9031715027c1" executionId="7ca67e05-8640-40e3-a023-8e505ee95a92" testListId="8c84fa94-04c1-424b-9868-57a2d4851a1d" />
    <TestEntry testId="c8a66b89-5263-8dfe-5937-efb6f512ed3e" executionId="0dbc833d-d3e0-45da-82ce-30b9e9467baa" testListId="8c84fa94-04c1-424b-9868-57a2d4851a1d" />
    <TestEntry testId="08b779d5-e1ca-df1a-d7e4-b10d27dd8daf" executionId="c878c90b-6325-40d7-af3e-ccfdb27f4c44" testListId="8c84fa94-04c1-424b-9868-57a2d4851a1d" />
    <TestEntry testId="7e213e8b-188b-c423-5e19-e3a32b72d1b4" executionId="4f5c678c-a347-4fc1-bfd6-6786223d17ee" testListId="8c84fa94-04c1-424b-9868-57a2d4851a1d" />
  </TestEntries>
  <TestLists>
    <TestList name="Resultados que não estão em uma lista" id="8c84fa94-04c1-424b-9868-57a2d4851a1d" />
    <TestList name="Todos os resultados carregados" id="19431567-8539-422a-85d7-44ee4e166bda" />
  </TestLists>
  <ResultSummary outcome="Completed">
    <Counters total="10" executed="10" passed="10" failed="0" error="0" timeout="0" aborted="0" inconclusive="0" passedButRunAborted="0" notRunnable="0" notExecuted="0" disconnected="0" warning="0" completed="0" inProgress="0" pending="0" />
    <Output>
      <StdOut>NUnit Adapter 3.16.1.0: Test execution started&#xD;
Running all tests in C:\qaninja\ninjaplus-net\bin\Debug\net5.0\ninjaplus-net.dll&#xD;
   NUnit3TestExecutor converted 10 of 10 NUnit test cases&#xD;
NUnit Adapter 3.16.1.0: Test execution complete&#xD;
</StdOut>
    </Output>
  </ResultSummary>
</TestRun>